# Logfile created on 2011-11-15 20:22:02 -0600 by logger.rb/25413
REQUESTING PAGE: GET / with {} and HTTP headers {}
REQUESTING PAGE: GET / with {} and HTTP headers {}
REQUESTING PAGE: GET /about with {} and HTTP headers {"HTTP_REFERER"=>"/"}
REQUESTING PAGE: GET /contact with {} and HTTP headers {"HTTP_REFERER"=>"/about"}
REQUESTING PAGE: GET / with {} and HTTP headers {}
REQUESTING PAGE: GET /about with {} and HTTP headers {"HTTP_REFERER"=>"/"}
REQUESTING PAGE: GET /contact with {} and HTTP headers {"HTTP_REFERER"=>"/about"}
REQUESTING PAGE: GET / with {} and HTTP headers {}
REQUESTING PAGE: GET /about with {} and HTTP headers {"HTTP_REFERER"=>"/"}
REQUESTING PAGE: GET /contact with {} and HTTP headers {"HTTP_REFERER"=>"/about"}
REQUESTING PAGE: GET / with {} and HTTP headers {"HTTP_REFERER"=>"/contact"}
REQUESTING PAGE: GET / with {} and HTTP headers {}
REQUESTING PAGE: GET / with {} and HTTP headers {}
REQUESTING PAGE: GET / with {} and HTTP headers {}
REQUESTING PAGE: GET /about with {} and HTTP headers {"HTTP_REFERER"=>"/"}
REQUESTING PAGE: GET /contact with {} and HTTP headers {"HTTP_REFERER"=>"/about"}
REQUESTING PAGE: GET / with {} and HTTP headers {"HTTP_REFERER"=>"/contact"}
REQUESTING PAGE: GET / with {} and HTTP headers {}
REQUESTING PAGE: GET / with {} and HTTP headers {}
REQUESTING PAGE: GET / with {} and HTTP headers {}
REQUESTING PAGE: GET / with {} and HTTP headers {}
REQUESTING PAGE: GET / with {} and HTTP headers {}
REQUESTING PAGE: GET /about with {} and HTTP headers {"HTTP_REFERER"=>"/"}
REQUESTING PAGE: GET /contact with {} and HTTP headers {"HTTP_REFERER"=>"/about"}
REQUESTING PAGE: GET / with {} and HTTP headers {}
REQUESTING PAGE: GET /about with {} and HTTP headers {"HTTP_REFERER"=>"/"}
REQUESTING PAGE: GET /contact with {} and HTTP headers {"HTTP_REFERER"=>"/about"}
REQUESTING PAGE: GET / with {} and HTTP headers {}
REQUESTING PAGE: GET /contact with {} and HTTP headers {"HTTP_REFERER"=>"/"}
REQUESTING PAGE: GET /about with {} and HTTP headers {"HTTP_REFERER"=>"/contact"}
REQUESTING PAGE: GET / with {} and HTTP headers {}
REQUESTING PAGE: GET /contact with {} and HTTP headers {"HTTP_REFERER"=>"/"}
REQUESTING PAGE: GET /about with {} and HTTP headers {"HTTP_REFERER"=>"/contact"}
REQUESTING PAGE: GET / with {} and HTTP headers {}
REQUESTING PAGE: GET /contact with {} and HTTP headers {"HTTP_REFERER"=>"/"}
REQUESTING PAGE: GET /about with {} and HTTP headers {"HTTP_REFERER"=>"/contact"}
REQUESTING PAGE: GET / with {} and HTTP headers {}
REQUESTING PAGE: GET /contact with {} and HTTP headers {"HTTP_REFERER"=>"/"}
REQUESTING PAGE: GET /about with {} and HTTP headers {"HTTP_REFERER"=>"/contact"}
REQUESTING PAGE: GET / with {} and HTTP headers {}
REQUESTING PAGE: GET /contact with {} and HTTP headers {"HTTP_REFERER"=>"/"}
REQUESTING PAGE: GET /about with {} and HTTP headers {"HTTP_REFERER"=>"/contact"}
REQUESTING PAGE: GET / with {} and HTTP headers {}
REQUESTING PAGE: GET /contact with {} and HTTP headers {"HTTP_REFERER"=>"/"}
REQUESTING PAGE: GET /about with {} and HTTP headers {"HTTP_REFERER"=>"/contact"}
REQUESTING PAGE: GET / with {} and HTTP headers {}
REQUESTING PAGE: GET /contact with {} and HTTP headers {"HTTP_REFERER"=>"/"}
REQUESTING PAGE: GET /about with {} and HTTP headers {"HTTP_REFERER"=>"/contact"}
REQUESTING PAGE: GET / with {} and HTTP headers {}
REQUESTING PAGE: GET /contact with {} and HTTP headers {"HTTP_REFERER"=>"/"}
REQUESTING PAGE: GET /about with {} and HTTP headers {"HTTP_REFERER"=>"/contact"}
REQUESTING PAGE: GET /game with {} and HTTP headers {"HTTP_REFERER"=>"/about"}
REQUESTING PAGE: GET /developer with {} and HTTP headers {"HTTP_REFERER"=>"/game"}
REQUESTING PAGE: GET /publisher with {} and HTTP headers {"HTTP_REFERER"=>"/developer"}
REQUESTING PAGE: GET /platform with {} and HTTP headers {"HTTP_REFERER"=>"/publisher"}
REQUESTING PAGE: GET /feedback with {} and HTTP headers {"HTTP_REFERER"=>"/platform"}
REQUESTING PAGE: GET /registry with {} and HTTP headers {"HTTP_REFERER"=>"/feedback"}
REQUESTING PAGE: GET /forgot with {} and HTTP headers {"HTTP_REFERER"=>"/registry"}
REQUESTING PAGE: GET / with {} and HTTP headers {"HTTP_REFERER"=>"/forgot"}
REQUESTING PAGE: GET / with {} and HTTP headers {}
REQUESTING PAGE: GET /contact with {} and HTTP headers {"HTTP_REFERER"=>"/"}
REQUESTING PAGE: GET /about with {} and HTTP headers {"HTTP_REFERER"=>"/contact"}
REQUESTING PAGE: GET /game with {} and HTTP headers {"HTTP_REFERER"=>"/about"}
REQUESTING PAGE: GET /developer with {} and HTTP headers {"HTTP_REFERER"=>"/game"}
REQUESTING PAGE: GET /publisher with {} and HTTP headers {"HTTP_REFERER"=>"/developer"}
REQUESTING PAGE: GET /platform with {} and HTTP headers {"HTTP_REFERER"=>"/publisher"}
REQUESTING PAGE: GET /feedback with {} and HTTP headers {"HTTP_REFERER"=>"/platform"}
REQUESTING PAGE: GET /registry with {} and HTTP headers {"HTTP_REFERER"=>"/feedback"}
REQUESTING PAGE: GET /forgot with {} and HTTP headers {"HTTP_REFERER"=>"/registry"}
REQUESTING PAGE: GET / with {} and HTTP headers {"HTTP_REFERER"=>"/forgot"}
REQUESTING PAGE: GET / with {} and HTTP headers {}
REQUESTING PAGE: GET /contact with {} and HTTP headers {"HTTP_REFERER"=>"/"}
REQUESTING PAGE: GET /about with {} and HTTP headers {"HTTP_REFERER"=>"/contact"}
REQUESTING PAGE: GET /game with {} and HTTP headers {"HTTP_REFERER"=>"/about"}
REQUESTING PAGE: GET /developer with {} and HTTP headers {"HTTP_REFERER"=>"/game"}
REQUESTING PAGE: GET /publisher with {} and HTTP headers {"HTTP_REFERER"=>"/developer"}
REQUESTING PAGE: GET /platform with {} and HTTP headers {"HTTP_REFERER"=>"/publisher"}
REQUESTING PAGE: GET /feedback with {} and HTTP headers {"HTTP_REFERER"=>"/platform"}
REQUESTING PAGE: GET /registry with {} and HTTP headers {"HTTP_REFERER"=>"/feedback"}
REQUESTING PAGE: GET /forgot with {} and HTTP headers {"HTTP_REFERER"=>"/registry"}
REQUESTING PAGE: GET / with {} and HTTP headers {"HTTP_REFERER"=>"/forgot"}
REQUESTING PAGE: GET / with {} and HTTP headers {}
REQUESTING PAGE: GET /contact with {} and HTTP headers {"HTTP_REFERER"=>"/"}
REQUESTING PAGE: GET /about with {} and HTTP headers {"HTTP_REFERER"=>"/contact"}
REQUESTING PAGE: GET /game with {} and HTTP headers {"HTTP_REFERER"=>"/about"}
REQUESTING PAGE: GET /developer with {} and HTTP headers {"HTTP_REFERER"=>"/game"}
REQUESTING PAGE: GET /publisher with {} and HTTP headers {"HTTP_REFERER"=>"/developer"}
REQUESTING PAGE: GET /platform with {} and HTTP headers {"HTTP_REFERER"=>"/publisher"}
REQUESTING PAGE: GET /feedback with {} and HTTP headers {"HTTP_REFERER"=>"/platform"}
REQUESTING PAGE: GET /registry with {} and HTTP headers {"HTTP_REFERER"=>"/feedback"}
REQUESTING PAGE: GET /forgot with {} and HTTP headers {"HTTP_REFERER"=>"/registry"}
REQUESTING PAGE: GET / with {} and HTTP headers {"HTTP_REFERER"=>"/forgot"}
REQUESTING PAGE: GET / with {} and HTTP headers {}
REQUESTING PAGE: GET /contact with {} and HTTP headers {"HTTP_REFERER"=>"/"}
REQUESTING PAGE: GET /about with {} and HTTP headers {"HTTP_REFERER"=>"/contact"}
REQUESTING PAGE: GET /game with {} and HTTP headers {"HTTP_REFERER"=>"/about"}
REQUESTING PAGE: GET /developer with {} and HTTP headers {"HTTP_REFERER"=>"/game"}
REQUESTING PAGE: GET /publisher with {} and HTTP headers {"HTTP_REFERER"=>"/developer"}
REQUESTING PAGE: GET /platform with {} and HTTP headers {"HTTP_REFERER"=>"/publisher"}
REQUESTING PAGE: GET /feedback with {} and HTTP headers {"HTTP_REFERER"=>"/platform"}
REQUESTING PAGE: GET /registry with {} and HTTP headers {"HTTP_REFERER"=>"/feedback"}
REQUESTING PAGE: GET /forgot with {} and HTTP headers {"HTTP_REFERER"=>"/registry"}
REQUESTING PAGE: GET / with {} and HTTP headers {"HTTP_REFERER"=>"/forgot"}
REQUESTING PAGE: GET / with {} and HTTP headers {}
REQUESTING PAGE: GET /contact with {} and HTTP headers {"HTTP_REFERER"=>"/"}
REQUESTING PAGE: GET /about with {} and HTTP headers {"HTTP_REFERER"=>"/contact"}
REQUESTING PAGE: GET /game with {} and HTTP headers {"HTTP_REFERER"=>"/about"}
REQUESTING PAGE: GET /developer with {} and HTTP headers {"HTTP_REFERER"=>"/game"}
REQUESTING PAGE: GET /publisher with {} and HTTP headers {"HTTP_REFERER"=>"/developer"}
REQUESTING PAGE: GET /platform with {} and HTTP headers {"HTTP_REFERER"=>"/publisher"}
REQUESTING PAGE: GET /feedback with {} and HTTP headers {"HTTP_REFERER"=>"/platform"}
REQUESTING PAGE: GET /registry with {} and HTTP headers {"HTTP_REFERER"=>"/feedback"}
REQUESTING PAGE: GET /forgot with {} and HTTP headers {"HTTP_REFERER"=>"/registry"}
REQUESTING PAGE: GET / with {} and HTTP headers {"HTTP_REFERER"=>"/forgot"}
REQUESTING PAGE: GET / with {} and HTTP headers {}
REQUESTING PAGE: GET /contact with {} and HTTP headers {"HTTP_REFERER"=>"/"}
REQUESTING PAGE: GET /about with {} and HTTP headers {"HTTP_REFERER"=>"/contact"}
REQUESTING PAGE: GET /game with {} and HTTP headers {"HTTP_REFERER"=>"/about"}
REQUESTING PAGE: GET /developer with {} and HTTP headers {"HTTP_REFERER"=>"/game"}
REQUESTING PAGE: GET /publisher with {} and HTTP headers {"HTTP_REFERER"=>"/developer"}
REQUESTING PAGE: GET /platform with {} and HTTP headers {"HTTP_REFERER"=>"/publisher"}
REQUESTING PAGE: GET /feedback with {} and HTTP headers {"HTTP_REFERER"=>"/platform"}
REQUESTING PAGE: GET /registry with {} and HTTP headers {"HTTP_REFERER"=>"/feedback"}
REQUESTING PAGE: GET /forgot with {} and HTTP headers {"HTTP_REFERER"=>"/registry"}
REQUESTING PAGE: GET / with {} and HTTP headers {"HTTP_REFERER"=>"/forgot"}
REQUESTING PAGE: GET / with {} and HTTP headers {}
REQUESTING PAGE: GET /contact with {} and HTTP headers {"HTTP_REFERER"=>"/"}
REQUESTING PAGE: GET /about with {} and HTTP headers {"HTTP_REFERER"=>"/contact"}
REQUESTING PAGE: GET /game with {} and HTTP headers {"HTTP_REFERER"=>"/about"}
REQUESTING PAGE: GET /developer with {} and HTTP headers {"HTTP_REFERER"=>"/game"}
REQUESTING PAGE: GET /publisher with {} and HTTP headers {"HTTP_REFERER"=>"/developer"}
REQUESTING PAGE: GET /platform with {} and HTTP headers {"HTTP_REFERER"=>"/publisher"}
REQUESTING PAGE: GET /feedback with {} and HTTP headers {"HTTP_REFERER"=>"/platform"}
REQUESTING PAGE: GET /registry with {} and HTTP headers {"HTTP_REFERER"=>"/feedback"}
REQUESTING PAGE: GET /forgot with {} and HTTP headers {"HTTP_REFERER"=>"/registry"}
REQUESTING PAGE: GET / with {} and HTTP headers {"HTTP_REFERER"=>"/forgot"}
REQUESTING PAGE: GET / with {} and HTTP headers {}
REQUESTING PAGE: GET /contact with {} and HTTP headers {"HTTP_REFERER"=>"/"}
REQUESTING PAGE: GET /about with {} and HTTP headers {"HTTP_REFERER"=>"/contact"}
REQUESTING PAGE: GET /game with {} and HTTP headers {"HTTP_REFERER"=>"/about"}
REQUESTING PAGE: GET /developer with {} and HTTP headers {"HTTP_REFERER"=>"/game"}
REQUESTING PAGE: GET /publisher with {} and HTTP headers {"HTTP_REFERER"=>"/developer"}
REQUESTING PAGE: GET /platform with {} and HTTP headers {"HTTP_REFERER"=>"/publisher"}
REQUESTING PAGE: GET /feedback with {} and HTTP headers {"HTTP_REFERER"=>"/platform"}
REQUESTING PAGE: GET /registry with {} and HTTP headers {"HTTP_REFERER"=>"/feedback"}
REQUESTING PAGE: GET /forgot with {} and HTTP headers {"HTTP_REFERER"=>"/registry"}
REQUESTING PAGE: GET / with {} and HTTP headers {"HTTP_REFERER"=>"/forgot"}
REQUESTING PAGE: GET / with {} and HTTP headers {}
REQUESTING PAGE: GET /contact with {} and HTTP headers {"HTTP_REFERER"=>"/"}
REQUESTING PAGE: GET /about with {} and HTTP headers {"HTTP_REFERER"=>"/contact"}
REQUESTING PAGE: GET /game with {} and HTTP headers {"HTTP_REFERER"=>"/about"}
REQUESTING PAGE: GET /developer with {} and HTTP headers {"HTTP_REFERER"=>"/game"}
REQUESTING PAGE: GET /publisher with {} and HTTP headers {"HTTP_REFERER"=>"/developer"}
REQUESTING PAGE: GET /platform with {} and HTTP headers {"HTTP_REFERER"=>"/publisher"}
REQUESTING PAGE: GET /feedback with {} and HTTP headers {"HTTP_REFERER"=>"/platform"}
REQUESTING PAGE: GET /registry with {} and HTTP headers {"HTTP_REFERER"=>"/feedback"}
REQUESTING PAGE: GET /forgot with {} and HTTP headers {"HTTP_REFERER"=>"/registry"}
REQUESTING PAGE: GET / with {} and HTTP headers {"HTTP_REFERER"=>"/forgot"}
REQUESTING PAGE: GET / with {} and HTTP headers {}
REQUESTING PAGE: GET /contact with {} and HTTP headers {"HTTP_REFERER"=>"/"}
REQUESTING PAGE: GET /about with {} and HTTP headers {"HTTP_REFERER"=>"/contact"}
REQUESTING PAGE: GET /game with {} and HTTP headers {"HTTP_REFERER"=>"/about"}
REQUESTING PAGE: GET /developer with {} and HTTP headers {"HTTP_REFERER"=>"/game"}
REQUESTING PAGE: GET /publisher with {} and HTTP headers {"HTTP_REFERER"=>"/developer"}
REQUESTING PAGE: GET /platform with {} and HTTP headers {"HTTP_REFERER"=>"/publisher"}
REQUESTING PAGE: GET /feedback with {} and HTTP headers {"HTTP_REFERER"=>"/platform"}
REQUESTING PAGE: GET /registry with {} and HTTP headers {"HTTP_REFERER"=>"/feedback"}
REQUESTING PAGE: GET /forgot with {} and HTTP headers {"HTTP_REFERER"=>"/registry"}
REQUESTING PAGE: GET / with {} and HTTP headers {"HTTP_REFERER"=>"/forgot"}
REQUESTING PAGE: GET / with {} and HTTP headers {}
REQUESTING PAGE: GET /contact with {} and HTTP headers {"HTTP_REFERER"=>"/"}
REQUESTING PAGE: GET /about with {} and HTTP headers {"HTTP_REFERER"=>"/contact"}
REQUESTING PAGE: GET /game with {} and HTTP headers {"HTTP_REFERER"=>"/about"}
REQUESTING PAGE: GET /developer with {} and HTTP headers {"HTTP_REFERER"=>"/game"}
REQUESTING PAGE: GET /publisher with {} and HTTP headers {"HTTP_REFERER"=>"/developer"}
REQUESTING PAGE: GET /platform with {} and HTTP headers {"HTTP_REFERER"=>"/publisher"}
REQUESTING PAGE: GET /feedback with {} and HTTP headers {"HTTP_REFERER"=>"/platform"}
REQUESTING PAGE: GET /registry with {} and HTTP headers {"HTTP_REFERER"=>"/feedback"}
REQUESTING PAGE: GET /forgot with {} and HTTP headers {"HTTP_REFERER"=>"/registry"}
REQUESTING PAGE: GET / with {} and HTTP headers {"HTTP_REFERER"=>"/forgot"}
REQUESTING PAGE: GET / with {} and HTTP headers {}
REQUESTING PAGE: GET /contact with {} and HTTP headers {"HTTP_REFERER"=>"/"}
REQUESTING PAGE: GET /about with {} and HTTP headers {"HTTP_REFERER"=>"/contact"}
REQUESTING PAGE: GET /game with {} and HTTP headers {"HTTP_REFERER"=>"/about"}
REQUESTING PAGE: GET /developer with {} and HTTP headers {"HTTP_REFERER"=>"/game"}
REQUESTING PAGE: GET /publisher with {} and HTTP headers {"HTTP_REFERER"=>"/developer"}
REQUESTING PAGE: GET /platform with {} and HTTP headers {"HTTP_REFERER"=>"/publisher"}
REQUESTING PAGE: GET /feedback with {} and HTTP headers {"HTTP_REFERER"=>"/platform"}
REQUESTING PAGE: GET /registry with {} and HTTP headers {"HTTP_REFERER"=>"/feedback"}
REQUESTING PAGE: GET /forgot with {} and HTTP headers {"HTTP_REFERER"=>"/registry"}
REQUESTING PAGE: GET / with {} and HTTP headers {"HTTP_REFERER"=>"/forgot"}
REQUESTING PAGE: GET / with {} and HTTP headers {}
REQUESTING PAGE: GET /contact with {} and HTTP headers {"HTTP_REFERER"=>"/"}
REQUESTING PAGE: GET /about with {} and HTTP headers {"HTTP_REFERER"=>"/contact"}
REQUESTING PAGE: GET /game with {} and HTTP headers {"HTTP_REFERER"=>"/about"}
REQUESTING PAGE: GET /developer with {} and HTTP headers {"HTTP_REFERER"=>"/game"}
REQUESTING PAGE: GET /publisher with {} and HTTP headers {"HTTP_REFERER"=>"/developer"}
REQUESTING PAGE: GET /platform with {} and HTTP headers {"HTTP_REFERER"=>"/publisher"}
REQUESTING PAGE: GET /feedback with {} and HTTP headers {"HTTP_REFERER"=>"/platform"}
REQUESTING PAGE: GET /registry with {} and HTTP headers {"HTTP_REFERER"=>"/feedback"}
REQUESTING PAGE: GET /forgot with {} and HTTP headers {"HTTP_REFERER"=>"/registry"}
REQUESTING PAGE: GET / with {} and HTTP headers {"HTTP_REFERER"=>"/forgot"}
REQUESTING PAGE: GET / with {} and HTTP headers {}
REQUESTING PAGE: GET /contact with {} and HTTP headers {"HTTP_REFERER"=>"/"}
REQUESTING PAGE: GET /about with {} and HTTP headers {"HTTP_REFERER"=>"/contact"}
REQUESTING PAGE: GET /game with {} and HTTP headers {"HTTP_REFERER"=>"/about"}
REQUESTING PAGE: GET /developer with {} and HTTP headers {"HTTP_REFERER"=>"/game"}
REQUESTING PAGE: GET /publisher with {} and HTTP headers {"HTTP_REFERER"=>"/developer"}
REQUESTING PAGE: GET /platform with {} and HTTP headers {"HTTP_REFERER"=>"/publisher"}
REQUESTING PAGE: GET /feedback with {} and HTTP headers {"HTTP_REFERER"=>"/platform"}
REQUESTING PAGE: GET /registry with {} and HTTP headers {"HTTP_REFERER"=>"/feedback"}
REQUESTING PAGE: GET /forgot with {} and HTTP headers {"HTTP_REFERER"=>"/registry"}
REQUESTING PAGE: GET / with {} and HTTP headers {"HTTP_REFERER"=>"/forgot"}
REQUESTING PAGE: GET / with {} and HTTP headers {}
REQUESTING PAGE: GET /contact with {} and HTTP headers {"HTTP_REFERER"=>"/"}
REQUESTING PAGE: GET /about with {} and HTTP headers {"HTTP_REFERER"=>"/contact"}
REQUESTING PAGE: GET /game with {} and HTTP headers {"HTTP_REFERER"=>"/about"}
REQUESTING PAGE: GET /developer with {} and HTTP headers {"HTTP_REFERER"=>"/game"}
REQUESTING PAGE: GET /publisher with {} and HTTP headers {"HTTP_REFERER"=>"/developer"}
REQUESTING PAGE: GET /platform with {} and HTTP headers {"HTTP_REFERER"=>"/publisher"}
REQUESTING PAGE: GET /feedback with {} and HTTP headers {"HTTP_REFERER"=>"/platform"}
REQUESTING PAGE: GET /registry with {} and HTTP headers {"HTTP_REFERER"=>"/feedback"}
REQUESTING PAGE: GET /forgot with {} and HTTP headers {"HTTP_REFERER"=>"/registry"}
REQUESTING PAGE: GET / with {} and HTTP headers {"HTTP_REFERER"=>"/forgot"}
REQUESTING PAGE: GET / with {} and HTTP headers {}
REQUESTING PAGE: GET /contact with {} and HTTP headers {"HTTP_REFERER"=>"/"}
REQUESTING PAGE: GET /about with {} and HTTP headers {"HTTP_REFERER"=>"/contact"}
REQUESTING PAGE: GET /game with {} and HTTP headers {"HTTP_REFERER"=>"/about"}
REQUESTING PAGE: GET /developer with {} and HTTP headers {"HTTP_REFERER"=>"/game"}
REQUESTING PAGE: GET /publisher with {} and HTTP headers {"HTTP_REFERER"=>"/developer"}
REQUESTING PAGE: GET /platform with {} and HTTP headers {"HTTP_REFERER"=>"/publisher"}
REQUESTING PAGE: GET /feedback with {} and HTTP headers {"HTTP_REFERER"=>"/platform"}
REQUESTING PAGE: GET /registry with {} and HTTP headers {"HTTP_REFERER"=>"/feedback"}
REQUESTING PAGE: GET /forgot with {} and HTTP headers {"HTTP_REFERER"=>"/registry"}
REQUESTING PAGE: GET / with {} and HTTP headers {"HTTP_REFERER"=>"/forgot"}
REQUESTING PAGE: GET / with {} and HTTP headers {}
REQUESTING PAGE: GET /contact with {} and HTTP headers {"HTTP_REFERER"=>"/"}
REQUESTING PAGE: GET /about with {} and HTTP headers {"HTTP_REFERER"=>"/contact"}
REQUESTING PAGE: GET /game with {} and HTTP headers {"HTTP_REFERER"=>"/about"}
REQUESTING PAGE: GET /developer with {} and HTTP headers {"HTTP_REFERER"=>"/game"}
REQUESTING PAGE: GET /publisher with {} and HTTP headers {"HTTP_REFERER"=>"/developer"}
REQUESTING PAGE: GET /platform with {} and HTTP headers {"HTTP_REFERER"=>"/publisher"}
REQUESTING PAGE: GET /feedback with {} and HTTP headers {"HTTP_REFERER"=>"/platform"}
REQUESTING PAGE: GET /registry with {} and HTTP headers {"HTTP_REFERER"=>"/feedback"}
REQUESTING PAGE: GET /forgot with {} and HTTP headers {"HTTP_REFERER"=>"/registry"}
REQUESTING PAGE: GET / with {} and HTTP headers {"HTTP_REFERER"=>"/forgot"}
REQUESTING PAGE: GET / with {} and HTTP headers {}
REQUESTING PAGE: GET /contact with {} and HTTP headers {"HTTP_REFERER"=>"/"}
REQUESTING PAGE: GET /about with {} and HTTP headers {"HTTP_REFERER"=>"/contact"}
REQUESTING PAGE: GET /game with {} and HTTP headers {"HTTP_REFERER"=>"/about"}
REQUESTING PAGE: GET /developer with {} and HTTP headers {"HTTP_REFERER"=>"/game"}
REQUESTING PAGE: GET /publisher with {} and HTTP headers {"HTTP_REFERER"=>"/developer"}
REQUESTING PAGE: GET /platform with {} and HTTP headers {"HTTP_REFERER"=>"/publisher"}
REQUESTING PAGE: GET /feedback with {} and HTTP headers {"HTTP_REFERER"=>"/platform"}
REQUESTING PAGE: GET /registry with {} and HTTP headers {"HTTP_REFERER"=>"/feedback"}
REQUESTING PAGE: GET /forgot with {} and HTTP headers {"HTTP_REFERER"=>"/registry"}
REQUESTING PAGE: GET / with {} and HTTP headers {"HTTP_REFERER"=>"/forgot"}
REQUESTING PAGE: GET / with {} and HTTP headers {}
REQUESTING PAGE: GET /contact with {} and HTTP headers {"HTTP_REFERER"=>"/"}
REQUESTING PAGE: GET /about with {} and HTTP headers {"HTTP_REFERER"=>"/contact"}
REQUESTING PAGE: GET /game with {} and HTTP headers {"HTTP_REFERER"=>"/about"}
REQUESTING PAGE: GET /developer with {} and HTTP headers {"HTTP_REFERER"=>"/game"}
REQUESTING PAGE: GET /publisher with {} and HTTP headers {"HTTP_REFERER"=>"/developer"}
REQUESTING PAGE: GET /platform with {} and HTTP headers {"HTTP_REFERER"=>"/publisher"}
REQUESTING PAGE: GET /feedback with {} and HTTP headers {"HTTP_REFERER"=>"/platform"}
REQUESTING PAGE: GET /registry with {} and HTTP headers {"HTTP_REFERER"=>"/feedback"}
REQUESTING PAGE: GET /forgot with {} and HTTP headers {"HTTP_REFERER"=>"/registry"}
REQUESTING PAGE: GET / with {} and HTTP headers {"HTTP_REFERER"=>"/forgot"}
REQUESTING PAGE: GET / with {} and HTTP headers {}
REQUESTING PAGE: GET /contact with {} and HTTP headers {"HTTP_REFERER"=>"/"}
REQUESTING PAGE: GET /about with {} and HTTP headers {"HTTP_REFERER"=>"/contact"}
REQUESTING PAGE: GET /game with {} and HTTP headers {"HTTP_REFERER"=>"/about"}
REQUESTING PAGE: GET /developer with {} and HTTP headers {"HTTP_REFERER"=>"/game"}
REQUESTING PAGE: GET /publisher with {} and HTTP headers {"HTTP_REFERER"=>"/developer"}
REQUESTING PAGE: GET /platform with {} and HTTP headers {"HTTP_REFERER"=>"/publisher"}
REQUESTING PAGE: GET /feedback with {} and HTTP headers {"HTTP_REFERER"=>"/platform"}
REQUESTING PAGE: GET /registry with {} and HTTP headers {"HTTP_REFERER"=>"/feedback"}
REQUESTING PAGE: GET /forgot with {} and HTTP headers {"HTTP_REFERER"=>"/registry"}
REQUESTING PAGE: GET / with {} and HTTP headers {"HTTP_REFERER"=>"/forgot"}
REQUESTING PAGE: GET / with {} and HTTP headers {}
REQUESTING PAGE: GET /contact with {} and HTTP headers {"HTTP_REFERER"=>"/"}
REQUESTING PAGE: GET /about with {} and HTTP headers {"HTTP_REFERER"=>"/contact"}
REQUESTING PAGE: GET /game with {} and HTTP headers {"HTTP_REFERER"=>"/about"}
REQUESTING PAGE: GET /developer with {} and HTTP headers {"HTTP_REFERER"=>"/game"}
REQUESTING PAGE: GET /publisher with {} and HTTP headers {"HTTP_REFERER"=>"/developer"}
REQUESTING PAGE: GET /platform with {} and HTTP headers {"HTTP_REFERER"=>"/publisher"}
REQUESTING PAGE: GET /feedback with {} and HTTP headers {"HTTP_REFERER"=>"/platform"}
REQUESTING PAGE: GET /registry with {} and HTTP headers {"HTTP_REFERER"=>"/feedback"}
REQUESTING PAGE: GET /forgot with {} and HTTP headers {"HTTP_REFERER"=>"/registry"}
REQUESTING PAGE: GET / with {} and HTTP headers {"HTTP_REFERER"=>"/forgot"}
REQUESTING PAGE: GET / with {} and HTTP headers {}
REQUESTING PAGE: GET /contact with {} and HTTP headers {"HTTP_REFERER"=>"/"}
REQUESTING PAGE: GET /about with {} and HTTP headers {"HTTP_REFERER"=>"/contact"}
REQUESTING PAGE: GET /game with {} and HTTP headers {"HTTP_REFERER"=>"/about"}
REQUESTING PAGE: GET /developer with {} and HTTP headers {"HTTP_REFERER"=>"/game"}
REQUESTING PAGE: GET /publisher with {} and HTTP headers {"HTTP_REFERER"=>"/developer"}
REQUESTING PAGE: GET /platform with {} and HTTP headers {"HTTP_REFERER"=>"/publisher"}
REQUESTING PAGE: GET /feedback with {} and HTTP headers {"HTTP_REFERER"=>"/platform"}
REQUESTING PAGE: GET /registry with {} and HTTP headers {"HTTP_REFERER"=>"/feedback"}
REQUESTING PAGE: GET /forgot with {} and HTTP headers {"HTTP_REFERER"=>"/registry"}
REQUESTING PAGE: GET / with {} and HTTP headers {"HTTP_REFERER"=>"/forgot"}
REQUESTING PAGE: GET / with {} and HTTP headers {}
REQUESTING PAGE: GET /contact with {} and HTTP headers {"HTTP_REFERER"=>"/"}
REQUESTING PAGE: GET /about with {} and HTTP headers {"HTTP_REFERER"=>"/contact"}
REQUESTING PAGE: GET /game with {} and HTTP headers {"HTTP_REFERER"=>"/about"}
REQUESTING PAGE: GET /developer with {} and HTTP headers {"HTTP_REFERER"=>"/game"}
REQUESTING PAGE: GET /publisher with {} and HTTP headers {"HTTP_REFERER"=>"/developer"}
REQUESTING PAGE: GET /platform with {} and HTTP headers {"HTTP_REFERER"=>"/publisher"}
REQUESTING PAGE: GET /feedback with {} and HTTP headers {"HTTP_REFERER"=>"/platform"}
REQUESTING PAGE: GET /registry with {} and HTTP headers {"HTTP_REFERER"=>"/feedback"}
REQUESTING PAGE: GET /forgot with {} and HTTP headers {"HTTP_REFERER"=>"/registry"}
REQUESTING PAGE: GET / with {} and HTTP headers {"HTTP_REFERER"=>"/forgot"}
REQUESTING PAGE: GET / with {} and HTTP headers {}
REQUESTING PAGE: GET /contact with {} and HTTP headers {"HTTP_REFERER"=>"/"}
REQUESTING PAGE: GET /about with {} and HTTP headers {"HTTP_REFERER"=>"/contact"}
REQUESTING PAGE: GET /game with {} and HTTP headers {"HTTP_REFERER"=>"/about"}
REQUESTING PAGE: GET /developer with {} and HTTP headers {"HTTP_REFERER"=>"/game"}
REQUESTING PAGE: GET /publisher with {} and HTTP headers {"HTTP_REFERER"=>"/developer"}
REQUESTING PAGE: GET /platform with {} and HTTP headers {"HTTP_REFERER"=>"/publisher"}
REQUESTING PAGE: GET /feedback with {} and HTTP headers {"HTTP_REFERER"=>"/platform"}
REQUESTING PAGE: GET /registry with {} and HTTP headers {"HTTP_REFERER"=>"/feedback"}
REQUESTING PAGE: GET /forgot with {} and HTTP headers {"HTTP_REFERER"=>"/registry"}
REQUESTING PAGE: GET / with {} and HTTP headers {"HTTP_REFERER"=>"/forgot"}
REQUESTING PAGE: GET / with {} and HTTP headers {}
REQUESTING PAGE: GET /contact with {} and HTTP headers {"HTTP_REFERER"=>"/"}
REQUESTING PAGE: GET /about with {} and HTTP headers {"HTTP_REFERER"=>"/contact"}
REQUESTING PAGE: GET /game with {} and HTTP headers {"HTTP_REFERER"=>"/about"}
REQUESTING PAGE: GET /developer with {} and HTTP headers {"HTTP_REFERER"=>"/game"}
REQUESTING PAGE: GET /publisher with {} and HTTP headers {"HTTP_REFERER"=>"/developer"}
REQUESTING PAGE: GET /platform with {} and HTTP headers {"HTTP_REFERER"=>"/publisher"}
REQUESTING PAGE: GET /feedback with {} and HTTP headers {"HTTP_REFERER"=>"/platform"}
REQUESTING PAGE: GET /registry with {} and HTTP headers {"HTTP_REFERER"=>"/feedback"}
REQUESTING PAGE: GET /forgot with {} and HTTP headers {"HTTP_REFERER"=>"/registry"}
REQUESTING PAGE: GET / with {} and HTTP headers {"HTTP_REFERER"=>"/forgot"}
REQUESTING PAGE: GET / with {} and HTTP headers {}
REQUESTING PAGE: GET /contact with {} and HTTP headers {"HTTP_REFERER"=>"/"}
REQUESTING PAGE: GET /about with {} and HTTP headers {"HTTP_REFERER"=>"/contact"}
REQUESTING PAGE: GET /game with {} and HTTP headers {"HTTP_REFERER"=>"/about"}
REQUESTING PAGE: GET /developer with {} and HTTP headers {"HTTP_REFERER"=>"/game"}
REQUESTING PAGE: GET /publisher with {} and HTTP headers {"HTTP_REFERER"=>"/developer"}
REQUESTING PAGE: GET /platform with {} and HTTP headers {"HTTP_REFERER"=>"/publisher"}
REQUESTING PAGE: GET /feedback with {} and HTTP headers {"HTTP_REFERER"=>"/platform"}
REQUESTING PAGE: GET /registry with {} and HTTP headers {"HTTP_REFERER"=>"/feedback"}
REQUESTING PAGE: GET /forgot with {} and HTTP headers {"HTTP_REFERER"=>"/registry"}
REQUESTING PAGE: GET / with {} and HTTP headers {"HTTP_REFERER"=>"/forgot"}
REQUESTING PAGE: GET / with {} and HTTP headers {}
REQUESTING PAGE: GET /contact with {} and HTTP headers {"HTTP_REFERER"=>"/"}
REQUESTING PAGE: GET /about with {} and HTTP headers {"HTTP_REFERER"=>"/contact"}
REQUESTING PAGE: GET /game with {} and HTTP headers {"HTTP_REFERER"=>"/about"}
REQUESTING PAGE: GET /developer with {} and HTTP headers {"HTTP_REFERER"=>"/game"}
REQUESTING PAGE: GET /publisher with {} and HTTP headers {"HTTP_REFERER"=>"/developer"}
REQUESTING PAGE: GET /platform with {} and HTTP headers {"HTTP_REFERER"=>"/publisher"}
REQUESTING PAGE: GET /feedback with {} and HTTP headers {"HTTP_REFERER"=>"/platform"}
REQUESTING PAGE: GET /registry with {} and HTTP headers {"HTTP_REFERER"=>"/feedback"}
REQUESTING PAGE: GET /forgot with {} and HTTP headers {"HTTP_REFERER"=>"/registry"}
REQUESTING PAGE: GET / with {} and HTTP headers {"HTTP_REFERER"=>"/forgot"}
